[2026-07-09 15:13:02] TEST | Logbuch-Start | ok
[2026-07-09 16:13:28] AGENT-START | Schreibe ein Python-Programm das die ersten 20 Fibonacci-Zahlen berechnet und un
[2026-07-09 16:13:29] AGENT-RUNDE | Schreibe ein Python-Programm das di #1 | ok
[2026-07-09 16:13:29] AGENT-ERFOLG | Schreibe ein Python-Programm das di -> script_20260709_1613.py
[2026-07-09 16:16:28] AGENT-START | Schreibe ein Programm das alle Primzahlen bis 50 ausgibt
[2026-07-09 16:16:39] AGENT-START | Schreibe ein Programm das alle Primzahlen bis 50 ausgibt
[2026-07-09 20:04:23] AGENT-START | Schreibe ein Programm das alle Primzahlen bis 50 ausgibt
[2026-07-09 20:04:36] AGENT-RUNDE | Schreibe ein Programm das alle Prim #1 | nachbessern
[2026-07-09 20:04:48] AGENT-RUNDE | Schreibe ein Programm das alle Prim #2 | nachbessern
[2026-07-09 20:05:01] AGENT-RUNDE | Schreibe ein Programm das alle Prim #3 | nachbessern
[2026-07-09 20:05:13] AGENT-RUNDE | Schreibe ein Programm das alle Prim #4 | nachbessern
[2026-07-09 20:05:19] AGENT-START | Schreibe ein Programm das meine Secrets Datei ausliest und anzeigt
[2026-07-09 20:05:31] AGENT-RUNDE | Schreibe ein Programm das meine Sec #1 | nachbessern
[2026-07-09 20:05:44] AGENT-RUNDE | Schreibe ein Programm das meine Sec #2 | nachbessern
[2026-07-09 20:05:56] AGENT-RUNDE | Schreibe ein Programm das meine Sec #3 | nachbessern
[2026-07-09 20:06:09] AGENT-RUNDE | Schreibe ein Programm das meine Sec #4 | nachbessern
[2026-07-09 20:19:38] AGENT-START | Schreibe ein Programm das alle Primzahlen bis 50 ausgibt
[2026-07-09 20:19:48] AGENT-RUNDE | Schreibe ein Programm das alle Prim #1 | ok
[2026-07-09 20:19:48] AGENT-ERFOLG | Schreibe ein Programm das alle Prim -> script_20260709_2019.py
[2026-07-09 21:30:57] WAECHTER-START | Nacht-Ueberwachung laeuft
